INFO  [2021-03-31 13:14:39] io.dropwizard.server.DefaultServerFactory: Registering jersey handler with root path prefix: /
INFO  [2021-03-31 13:14:39] io.dropwizard.server.DefaultServerFactory: Registering admin handler with root path prefix: /
INFO  [2021-03-31 13:14:39] org.hibernate.Version: HHH000412: Hibernate ORM core version 5.4.28.Final
INFO  [2021-03-31 13:14:39] io.dropwizard.hibernate.SessionFactoryFactory: Entity classes: [com.motivity.DropWizardHibernate.core.Employee]
INFO  [2021-03-31 13:14:39] org.hibernate.annotations.common.Version: HCANN000001: Hibernate Commons Annotations {5.1.2.Final}
INFO  [2021-03-31 13:14:41] org.hibernate.dialect.Dialect: HHH000400: Using dialect: org.hibernate.dialect.MySQL8Dialect
INFO  [2021-03-31 13:14:42] io.dropwizard.server.ServerFactory: Starting DropWizardHibernate
================================================================================

                              DropWizardHibernate

================================================================================

INFO  [2021-03-31 13:14:42] org.eclipse.jetty.setuid.SetUIDListener: Opened application@734f8317{HTTP/1.1, (http/1.1)}{0.0.0.0:8080}
INFO  [2021-03-31 13:14:42] org.eclipse.jetty.setuid.SetUIDListener: Opened admin@7dd3981e{HTTP/1.1, (http/1.1)}{0.0.0.0:8081}
INFO  [2021-03-31 13:14:42] org.eclipse.jetty.server.Server: jetty-9.4.37.v20210219; built: 2021-02-19T15:16:47.689Z; git: 27afab2bd37780d179836e313e0fe11bc4fa0ce9; jvm 15.0.2+7-27
INFO  [2021-03-31 13:14:43] io.dropwizard.jersey.DropwizardResourceConfig: The following paths were found for the configured resources:

    GET     / (com.motivity.DropWizardHibernate.resources.EmployeeResource)
    POST    /add (com.motivity.DropWizardHibernate.resources.EmployeeResource)
    DELETE  /delete/{id} (com.motivity.DropWizardHibernate.resources.EmployeeResource)
    GET     /employee/{id} (com.motivity.DropWizardHibernate.resources.EmployeeResource)
    GET     /employees (com.motivity.DropWizardHibernate.resources.EmployeeResource)
    PUT     /update/{id} (com.motivity.DropWizardHibernate.resources.EmployeeResource)

INFO  [2021-03-31 13:14:43] org.eclipse.jetty.server.handler.ContextHandler: Started i.d.j.MutableServletContextHandler@99223ac{/,null,AVAILABLE}
INFO  [2021-03-31 13:14:43] io.dropwizard.setup.AdminEnvironment: tasks = 

    POST    /tasks/log-level (io.dropwizard.servlets.tasks.LogConfigurationTask)
    POST    /tasks/gc (io.dropwizard.servlets.tasks.GarbageCollectionTask)

INFO  [2021-03-31 13:14:43] org.eclipse.jetty.server.handler.ContextHandler: Started i.d.j.MutableServletContextHandler@114b2414{/,null,AVAILABLE}
INFO  [2021-03-31 13:14:43] org.eclipse.jetty.server.AbstractConnector: Started application@734f8317{HTTP/1.1, (http/1.1)}{0.0.0.0:8080}
INFO  [2021-03-31 13:14:43] org.eclipse.jetty.server.AbstractConnector: Started admin@7dd3981e{HTTP/1.1, (http/1.1)}{0.0.0.0:8081}
INFO  [2021-03-31 13:14:43] org.eclipse.jetty.server.Server: Started @7576ms
INFO  [2021-03-31 13:15:03] io.dropwizard.server.DefaultServerFactory: Registering jersey handler with root path prefix: /
INFO  [2021-03-31 13:15:03] io.dropwizard.server.DefaultServerFactory: Registering admin handler with root path prefix: /
INFO  [2021-03-31 13:15:03] org.hibernate.Version: HHH000412: Hibernate ORM core version 5.4.28.Final
INFO  [2021-03-31 13:15:03] io.dropwizard.hibernate.SessionFactoryFactory: Entity classes: [com.motivity.DropWizardHibernate.core.Employee]
INFO  [2021-03-31 13:15:03] org.hibernate.annotations.common.Version: HCANN000001: Hibernate Commons Annotations {5.1.2.Final}
INFO  [2021-03-31 13:15:05] org.hibernate.dialect.Dialect: HHH000400: Using dialect: org.hibernate.dialect.MySQL8Dialect
INFO  [2021-03-31 13:15:06] io.dropwizard.server.ServerFactory: Starting DropWizardHibernate
================================================================================

                              DropWizardHibernate

================================================================================

INFO  [2021-03-31 13:15:06] org.eclipse.jetty.setuid.SetUIDListener: Opened application@734f8317{HTTP/1.1, (http/1.1)}{0.0.0.0:8080}
INFO  [2021-03-31 13:15:06] org.eclipse.jetty.setuid.SetUIDListener: Opened admin@7dd3981e{HTTP/1.1, (http/1.1)}{0.0.0.0:8081}
INFO  [2021-03-31 13:15:06] org.eclipse.jetty.server.Server: jetty-9.4.37.v20210219; built: 2021-02-19T15:16:47.689Z; git: 27afab2bd37780d179836e313e0fe11bc4fa0ce9; jvm 15.0.2+7-27
INFO  [2021-03-31 13:15:08] io.dropwizard.jersey.DropwizardResourceConfig: The following paths were found for the configured resources:

    GET     / (com.motivity.DropWizardHibernate.resources.EmployeeResource)
    POST    /add (com.motivity.DropWizardHibernate.resources.EmployeeResource)
    DELETE  /delete/{id} (com.motivity.DropWizardHibernate.resources.EmployeeResource)
    GET     /employee/{id} (com.motivity.DropWizardHibernate.resources.EmployeeResource)
    GET     /employees (com.motivity.DropWizardHibernate.resources.EmployeeResource)
    PUT     /update/{id} (com.motivity.DropWizardHibernate.resources.EmployeeResource)

INFO  [2021-03-31 13:15:08] org.eclipse.jetty.server.handler.ContextHandler: Started i.d.j.MutableServletContextHandler@99223ac{/,null,AVAILABLE}
INFO  [2021-03-31 13:15:08] io.dropwizard.setup.AdminEnvironment: tasks = 

    POST    /tasks/log-level (io.dropwizard.servlets.tasks.LogConfigurationTask)
    POST    /tasks/gc (io.dropwizard.servlets.tasks.GarbageCollectionTask)

INFO  [2021-03-31 13:15:08] org.eclipse.jetty.server.handler.ContextHandler: Started i.d.j.MutableServletContextHandler@114b2414{/,null,AVAILABLE}
INFO  [2021-03-31 13:15:08] org.eclipse.jetty.server.AbstractConnector: Started application@734f8317{HTTP/1.1, (http/1.1)}{0.0.0.0:8080}
INFO  [2021-03-31 13:15:08] org.eclipse.jetty.server.AbstractConnector: Started admin@7dd3981e{HTTP/1.1, (http/1.1)}{0.0.0.0:8081}
INFO  [2021-03-31 13:15:08] org.eclipse.jetty.server.Server: Started @7988ms
INFO  [2021-03-31 13:15:50] io.dropwizard.server.DefaultServerFactory: Registering jersey handler with root path prefix: /
INFO  [2021-03-31 13:15:50] io.dropwizard.server.DefaultServerFactory: Registering admin handler with root path prefix: /
INFO  [2021-03-31 13:15:50] org.hibernate.Version: HHH000412: Hibernate ORM core version 5.4.28.Final
INFO  [2021-03-31 13:15:51] io.dropwizard.hibernate.SessionFactoryFactory: Entity classes: [com.motivity.DropWizardHibernate.core.Employee]
INFO  [2021-03-31 13:15:51] org.hibernate.annotations.common.Version: HCANN000001: Hibernate Commons Annotations {5.1.2.Final}
INFO  [2021-03-31 13:15:52] org.hibernate.dialect.Dialect: HHH000400: Using dialect: org.hibernate.dialect.MySQL8Dialect
INFO  [2021-03-31 13:15:53] io.dropwizard.server.ServerFactory: Starting DropWizardHibernate
================================================================================

                              DropWizardHibernate

================================================================================

INFO  [2021-03-31 13:15:53] org.eclipse.jetty.setuid.SetUIDListener: Opened application@734f8317{HTTP/1.1, (http/1.1)}{0.0.0.0:8080}
INFO  [2021-03-31 13:15:53] org.eclipse.jetty.setuid.SetUIDListener: Opened admin@7dd3981e{HTTP/1.1, (http/1.1)}{0.0.0.0:8081}
INFO  [2021-03-31 13:15:53] org.eclipse.jetty.server.Server: jetty-9.4.37.v20210219; built: 2021-02-19T15:16:47.689Z; git: 27afab2bd37780d179836e313e0fe11bc4fa0ce9; jvm 15.0.2+7-27
INFO  [2021-03-31 13:15:54] io.dropwizard.jersey.DropwizardResourceConfig: The following paths were found for the configured resources:

    GET     / (com.motivity.DropWizardHibernate.resources.EmployeeResource)
    POST    /add (com.motivity.DropWizardHibernate.resources.EmployeeResource)
    DELETE  /delete/{id} (com.motivity.DropWizardHibernate.resources.EmployeeResource)
    GET     /employee/{id} (com.motivity.DropWizardHibernate.resources.EmployeeResource)
    GET     /employees (com.motivity.DropWizardHibernate.resources.EmployeeResource)
    PUT     /update/{id} (com.motivity.DropWizardHibernate.resources.EmployeeResource)

INFO  [2021-03-31 13:15:54] org.eclipse.jetty.server.handler.ContextHandler: Started i.d.j.MutableServletContextHandler@99223ac{/,null,AVAILABLE}
INFO  [2021-03-31 13:15:54] io.dropwizard.setup.AdminEnvironment: tasks = 

    POST    /tasks/log-level (io.dropwizard.servlets.tasks.LogConfigurationTask)
    POST    /tasks/gc (io.dropwizard.servlets.tasks.GarbageCollectionTask)

INFO  [2021-03-31 13:15:54] org.eclipse.jetty.server.handler.ContextHandler: Started i.d.j.MutableServletContextHandler@114b2414{/,null,AVAILABLE}
INFO  [2021-03-31 13:15:54] org.eclipse.jetty.server.AbstractConnector: Started application@734f8317{HTTP/1.1, (http/1.1)}{0.0.0.0:8080}
INFO  [2021-03-31 13:15:54] org.eclipse.jetty.server.AbstractConnector: Started admin@7dd3981e{HTTP/1.1, (http/1.1)}{0.0.0.0:8081}
INFO  [2021-03-31 13:15:54] org.eclipse.jetty.server.Server: Started @7583ms
INFO  [2021-03-31 13:24:27] io.dropwizard.server.DefaultServerFactory: Registering jersey handler with root path prefix: /
INFO  [2021-03-31 13:24:27] io.dropwizard.server.DefaultServerFactory: Registering admin handler with root path prefix: /
INFO  [2021-03-31 13:24:27] org.hibernate.Version: HHH000412: Hibernate ORM core version 5.4.28.Final
INFO  [2021-03-31 13:24:28] io.dropwizard.hibernate.SessionFactoryFactory: Entity classes: [com.motivity.DropWizardHibernate.core.Employee]
INFO  [2021-03-31 13:24:28] org.hibernate.annotations.common.Version: HCANN000001: Hibernate Commons Annotations {5.1.2.Final}
INFO  [2021-03-31 13:24:30] org.hibernate.dialect.Dialect: HHH000400: Using dialect: org.hibernate.dialect.MySQL8Dialect
INFO  [2021-03-31 13:24:32] io.dropwizard.server.ServerFactory: Starting DropWizardHibernate
================================================================================

                              DropWizardHibernate

================================================================================

INFO  [2021-03-31 13:24:32] org.eclipse.jetty.setuid.SetUIDListener: Opened application@734f8317{HTTP/1.1, (http/1.1)}{0.0.0.0:8080}
INFO  [2021-03-31 13:24:32] org.eclipse.jetty.setuid.SetUIDListener: Opened admin@7dd3981e{HTTP/1.1, (http/1.1)}{0.0.0.0:8081}
INFO  [2021-03-31 13:24:32] org.eclipse.jetty.server.Server: jetty-9.4.37.v20210219; built: 2021-02-19T15:16:47.689Z; git: 27afab2bd37780d179836e313e0fe11bc4fa0ce9; jvm 15.0.2+7-27
INFO  [2021-03-31 13:24:34] io.dropwizard.jersey.DropwizardResourceConfig: The following paths were found for the configured resources:

    GET     / (com.motivity.DropWizardHibernate.resources.EmployeeResource)
    POST    /add (com.motivity.DropWizardHibernate.resources.EmployeeResource)
    DELETE  /delete/{id} (com.motivity.DropWizardHibernate.resources.EmployeeResource)
    GET     /employee/{id} (com.motivity.DropWizardHibernate.resources.EmployeeResource)
    GET     /employees (com.motivity.DropWizardHibernate.resources.EmployeeResource)
    PUT     /update/{id} (com.motivity.DropWizardHibernate.resources.EmployeeResource)

INFO  [2021-03-31 13:24:34] org.eclipse.jetty.server.handler.ContextHandler: Started i.d.j.MutableServletContextHandler@99223ac{/,null,AVAILABLE}
INFO  [2021-03-31 13:24:34] io.dropwizard.setup.AdminEnvironment: tasks = 

    POST    /tasks/log-level (io.dropwizard.servlets.tasks.LogConfigurationTask)
    POST    /tasks/gc (io.dropwizard.servlets.tasks.GarbageCollectionTask)

INFO  [2021-03-31 13:24:34] org.eclipse.jetty.server.handler.ContextHandler: Started i.d.j.MutableServletContextHandler@114b2414{/,null,AVAILABLE}
INFO  [2021-03-31 13:24:34] org.eclipse.jetty.server.AbstractConnector: Started application@734f8317{HTTP/1.1, (http/1.1)}{0.0.0.0:8080}
INFO  [2021-03-31 13:24:34] org.eclipse.jetty.server.AbstractConnector: Started admin@7dd3981e{HTTP/1.1, (http/1.1)}{0.0.0.0:8081}
INFO  [2021-03-31 13:24:34] org.eclipse.jetty.server.Server: Started @10851ms
INFO  [2021-03-31 13:25:25] io.dropwizard.server.DefaultServerFactory: Registering jersey handler with root path prefix: /
INFO  [2021-03-31 13:25:25] io.dropwizard.server.DefaultServerFactory: Registering admin handler with root path prefix: /
INFO  [2021-03-31 13:25:25] org.hibernate.Version: HHH000412: Hibernate ORM core version 5.4.28.Final
INFO  [2021-03-31 13:25:26] io.dropwizard.hibernate.SessionFactoryFactory: Entity classes: [com.motivity.DropWizardHibernate.core.Employee]
INFO  [2021-03-31 13:25:26] org.hibernate.annotations.common.Version: HCANN000001: Hibernate Commons Annotations {5.1.2.Final}
INFO  [2021-03-31 13:25:27] org.hibernate.dialect.Dialect: HHH000400: Using dialect: org.hibernate.dialect.MySQL8Dialect
INFO  [2021-03-31 13:25:28] io.dropwizard.server.ServerFactory: Starting DropWizardHibernate
================================================================================

                              DropWizardHibernate

================================================================================

INFO  [2021-03-31 13:25:28] org.eclipse.jetty.setuid.SetUIDListener: Opened application@734f8317{HTTP/1.1, (http/1.1)}{0.0.0.0:8080}
INFO  [2021-03-31 13:25:28] org.eclipse.jetty.setuid.SetUIDListener: Opened admin@7dd3981e{HTTP/1.1, (http/1.1)}{0.0.0.0:8081}
INFO  [2021-03-31 13:25:28] org.eclipse.jetty.server.Server: jetty-9.4.37.v20210219; built: 2021-02-19T15:16:47.689Z; git: 27afab2bd37780d179836e313e0fe11bc4fa0ce9; jvm 15.0.2+7-27
INFO  [2021-03-31 13:25:30] io.dropwizard.jersey.DropwizardResourceConfig: The following paths were found for the configured resources:

    GET     / (com.motivity.DropWizardHibernate.resources.EmployeeResource)
    POST    /add (com.motivity.DropWizardHibernate.resources.EmployeeResource)
    DELETE  /delete/{id} (com.motivity.DropWizardHibernate.resources.EmployeeResource)
    GET     /employee/{id} (com.motivity.DropWizardHibernate.resources.EmployeeResource)
    GET     /employees (com.motivity.DropWizardHibernate.resources.EmployeeResource)
    PUT     /update/{id} (com.motivity.DropWizardHibernate.resources.EmployeeResource)

INFO  [2021-03-31 13:25:30] org.eclipse.jetty.server.handler.ContextHandler: Started i.d.j.MutableServletContextHandler@99223ac{/,null,AVAILABLE}
INFO  [2021-03-31 13:25:30] io.dropwizard.setup.AdminEnvironment: tasks = 

    POST    /tasks/log-level (io.dropwizard.servlets.tasks.LogConfigurationTask)
    POST    /tasks/gc (io.dropwizard.servlets.tasks.GarbageCollectionTask)

INFO  [2021-03-31 13:25:30] org.eclipse.jetty.server.handler.ContextHandler: Started i.d.j.MutableServletContextHandler@114b2414{/,null,AVAILABLE}
INFO  [2021-03-31 13:25:30] org.eclipse.jetty.server.AbstractConnector: Started application@734f8317{HTTP/1.1, (http/1.1)}{0.0.0.0:8080}
INFO  [2021-03-31 13:25:30] org.eclipse.jetty.server.AbstractConnector: Started admin@7dd3981e{HTTP/1.1, (http/1.1)}{0.0.0.0:8081}
INFO  [2021-03-31 13:25:30] org.eclipse.jetty.server.Server: Started @8419ms
INFO  [2021-03-31 13:29:51] io.dropwizard.server.DefaultServerFactory: Registering jersey handler with root path prefix: /
INFO  [2021-03-31 13:29:51] io.dropwizard.server.DefaultServerFactory: Registering admin handler with root path prefix: /
INFO  [2021-03-31 13:29:51] org.hibernate.Version: HHH000412: Hibernate ORM core version 5.4.28.Final
INFO  [2021-03-31 13:29:51] io.dropwizard.hibernate.SessionFactoryFactory: Entity classes: [com.motivity.DropWizardHibernate.core.Employee]
INFO  [2021-03-31 13:29:51] org.hibernate.annotations.common.Version: HCANN000001: Hibernate Commons Annotations {5.1.2.Final}
INFO  [2021-03-31 13:29:53] org.hibernate.dialect.Dialect: HHH000400: Using dialect: org.hibernate.dialect.MySQL8Dialect
INFO  [2021-03-31 13:29:55] io.dropwizard.server.ServerFactory: Starting DropWizardHibernate
================================================================================

                              DropWizardHibernate

================================================================================

INFO  [2021-03-31 13:29:55] org.eclipse.jetty.setuid.SetUIDListener: Opened application@443af394{HTTP/1.1, (http/1.1)}{0.0.0.0:8080}
INFO  [2021-03-31 13:29:55] org.eclipse.jetty.setuid.SetUIDListener: Opened admin@734f8317{HTTP/1.1, (http/1.1)}{0.0.0.0:8081}
INFO  [2021-03-31 13:29:55] org.eclipse.jetty.server.Server: jetty-9.4.37.v20210219; built: 2021-02-19T15:16:47.689Z; git: 27afab2bd37780d179836e313e0fe11bc4fa0ce9; jvm 15.0.2+7-27
INFO  [2021-03-31 13:29:56] io.dropwizard.jersey.DropwizardResourceConfig: The following paths were found for the configured resources:

    GET     / (com.motivity.DropWizardHibernate.resources.EmployeeResource)
    POST    /add (com.motivity.DropWizardHibernate.resources.EmployeeResource)
    DELETE  /delete/{id} (com.motivity.DropWizardHibernate.resources.EmployeeResource)
    GET     /employee/{id} (com.motivity.DropWizardHibernate.resources.EmployeeResource)
    GET     /employees (com.motivity.DropWizardHibernate.resources.EmployeeResource)
    PUT     /update/{id} (com.motivity.DropWizardHibernate.resources.EmployeeResource)

INFO  [2021-03-31 13:29:56] org.eclipse.jetty.server.handler.ContextHandler: Started i.d.j.MutableServletContextHandler@399c408c{/,null,AVAILABLE}
INFO  [2021-03-31 13:29:56] io.dropwizard.setup.AdminEnvironment: tasks = 

    POST    /tasks/log-level (io.dropwizard.servlets.tasks.LogConfigurationTask)
    POST    /tasks/gc (io.dropwizard.servlets.tasks.GarbageCollectionTask)

INFO  [2021-03-31 13:29:56] org.eclipse.jetty.server.handler.ContextHandler: Started i.d.j.MutableServletContextHandler@4dad2363{/,null,AVAILABLE}
INFO  [2021-03-31 13:29:56] org.eclipse.jetty.server.AbstractConnector: Started application@443af394{HTTP/1.1, (http/1.1)}{0.0.0.0:8080}
INFO  [2021-03-31 13:29:56] org.eclipse.jetty.server.AbstractConnector: Started admin@734f8317{HTTP/1.1, (http/1.1)}{0.0.0.0:8081}
INFO  [2021-03-31 13:29:56] org.eclipse.jetty.server.Server: Started @9304ms
INFO  [2021-03-31 14:58:51] io.dropwizard.server.DefaultServerFactory: Registering jersey handler with root path prefix: /
INFO  [2021-03-31 14:58:51] io.dropwizard.server.DefaultServerFactory: Registering admin handler with root path prefix: /
INFO  [2021-03-31 14:58:52] org.hibernate.Version: HHH000412: Hibernate ORM core version 5.4.28.Final
INFO  [2021-03-31 14:58:52] io.dropwizard.hibernate.SessionFactoryFactory: Entity classes: [com.motivity.DropWizardHibernate.core.Employee]
INFO  [2021-03-31 14:58:52] org.hibernate.annotations.common.Version: HCANN000001: Hibernate Commons Annotations {5.1.2.Final}
INFO  [2021-03-31 14:58:55] org.hibernate.dialect.Dialect: HHH000400: Using dialect: org.hibernate.dialect.MySQL8Dialect
INFO  [2021-03-31 14:58:56] io.dropwizard.server.ServerFactory: Starting DropWizardHibernate
================================================================================

                              DropWizardHibernate

================================================================================

INFO  [2021-03-31 14:58:56] org.eclipse.jetty.setuid.SetUIDListener: Opened application@443af394{HTTP/1.1, (http/1.1)}{0.0.0.0:8080}
INFO  [2021-03-31 14:58:56] org.eclipse.jetty.setuid.SetUIDListener: Opened admin@734f8317{HTTP/1.1, (http/1.1)}{0.0.0.0:8081}
INFO  [2021-03-31 14:58:56] org.eclipse.jetty.server.Server: jetty-9.4.37.v20210219; built: 2021-02-19T15:16:47.689Z; git: 27afab2bd37780d179836e313e0fe11bc4fa0ce9; jvm 15.0.2+7-27
INFO  [2021-03-31 14:58:57] io.dropwizard.jersey.DropwizardResourceConfig: The following paths were found for the configured resources:

    GET     / (com.motivity.DropWizardHibernate.resources.EmployeeResource)
    POST    /add (com.motivity.DropWizardHibernate.resources.EmployeeResource)
    DELETE  /delete/{id} (com.motivity.DropWizardHibernate.resources.EmployeeResource)
    GET     /employee/{id} (com.motivity.DropWizardHibernate.resources.EmployeeResource)
    GET     /employees (com.motivity.DropWizardHibernate.resources.EmployeeResource)
    PUT     /update/{id} (com.motivity.DropWizardHibernate.resources.EmployeeResource)

INFO  [2021-03-31 14:58:57] org.eclipse.jetty.server.handler.ContextHandler: Started i.d.j.MutableServletContextHandler@399c408c{/,null,AVAILABLE}
INFO  [2021-03-31 14:58:57] io.dropwizard.setup.AdminEnvironment: tasks = 

    POST    /tasks/log-level (io.dropwizard.servlets.tasks.LogConfigurationTask)
    POST    /tasks/gc (io.dropwizard.servlets.tasks.GarbageCollectionTask)

INFO  [2021-03-31 14:58:57] org.eclipse.jetty.server.handler.ContextHandler: Started i.d.j.MutableServletContextHandler@4dad2363{/,null,AVAILABLE}
INFO  [2021-03-31 14:58:57] org.eclipse.jetty.server.AbstractConnector: Started application@443af394{HTTP/1.1, (http/1.1)}{0.0.0.0:8080}
INFO  [2021-03-31 14:58:57] org.eclipse.jetty.server.AbstractConnector: Started admin@734f8317{HTTP/1.1, (http/1.1)}{0.0.0.0:8081}
INFO  [2021-03-31 14:58:57] org.eclipse.jetty.server.Server: Started @8540ms
INFO  [2021-03-31 14:59:03] com.motivity.DropWizardHibernate.resources.EmployeeResource: in info method...
INFO  [2021-03-31 14:59:03] org.hibernate.engine.internal.StatisticalLoggingSessionEventListener: Session Metrics {
    373200 nanoseconds spent acquiring 1 JDBC connections;
    39400 nanoseconds spent releasing 1 JDBC connections;
    0 nanoseconds spent preparing 0 JDBC statements;
    0 nanoseconds spent executing 0 JDBC statements;
    0 nanoseconds spent executing 0 JDBC batches;
    0 nanoseconds spent performing 0 L2C puts;
    0 nanoseconds spent performing 0 L2C hits;
    0 nanoseconds spent performing 0 L2C misses;
    0 nanoseconds spent executing 0 flushes (flushing a total of 0 entities and 0 collections);
    0 nanoseconds spent executing 0 partial-flushes (flushing a total of 0 entities and 0 collections)
}
