DEBUG [2021-03-31 15:06:59] com.motivity.DropWizardLogging.resources.ExampleResource: hello this is debug mesage 
INFO  [2021-03-31 15:06:59] com.motivity.DropWizardLogging.resources.ExampleResource: this is info message 
ERROR [2021-03-31 15:06:59] com.motivity.DropWizardLogging.resources.ExampleResource: this is error message 
DEBUG [2021-03-31 15:07:08] com.motivity.DropWizardLogging.resources.ExampleResource: hello this is debug mesage 
INFO  [2021-03-31 15:07:08] com.motivity.DropWizardLogging.resources.ExampleResource: this is info message 
ERROR [2021-03-31 15:07:08] com.motivity.DropWizardLogging.resources.ExampleResource: this is error message 
DEBUG [2021-03-31 15:10:47] com.motivity.DropWizardLogging.resources.ExampleResource: hello this is debug mesage 
INFO  [2021-03-31 15:10:47] com.motivity.DropWizardLogging.resources.ExampleResource: this is info message 
ERROR [2021-03-31 15:10:47] com.motivity.DropWizardLogging.resources.ExampleResource: this is error message 
DEBUG [2021-03-31 15:11:00] com.motivity.DropWizardLogging.resources.ExampleResource: hello this is debug mesage 
INFO  [2021-03-31 15:11:00] com.motivity.DropWizardLogging.resources.ExampleResource: this is info message 
ERROR [2021-03-31 15:11:00] com.motivity.DropWizardLogging.resources.ExampleResource: this is error message 
DEBUG [2021-03-31 15:13:15] com.motivity.DropWizardLogging.resources.ExampleResource: hello this is debug mesage 
INFO  [2021-03-31 15:13:15] com.motivity.DropWizardLogging.resources.ExampleResource: this is info message 
ERROR [2021-03-31 15:13:15] com.motivity.DropWizardLogging.resources.ExampleResource: this is error message 
DEBUG [2021-03-31 15:14:59] com.motivity.DropWizardLogging.resources.ExampleResource: hello this is debug mesage 
INFO  [2021-03-31 15:14:59] com.motivity.DropWizardLogging.resources.ExampleResource: this is info message 
ERROR [2021-03-31 15:14:59] com.motivity.DropWizardLogging.resources.ExampleResource: this is error message 
DEBUG [2021-03-31 15:16:44] com.motivity.DropWizardLogging.resources.ExampleResource: hello this is debug mesage 
INFO  [2021-03-31 15:16:44] com.motivity.DropWizardLogging.resources.ExampleResource: this is info message 
ERROR [2021-03-31 15:16:44] com.motivity.DropWizardLogging.resources.ExampleResource: this is error message 
DEBUG [2021-03-31 15:28:29] com.motivity.DropWizardLogging.resources.ExampleResource: Debug Message!
INFO  [2021-03-31 15:28:29] com.motivity.DropWizardLogging.resources.ExampleResource: Info Message!
WARN  [2021-03-31 15:28:29] com.motivity.DropWizardLogging.resources.ExampleResource: Warn Message!
ERROR [2021-03-31 15:28:29] com.motivity.DropWizardLogging.resources.ExampleResource: Error Message!
DEBUG [2021-03-31 15:33:07] com.motivity.DropWizardLogging.resources.ExampleResource: Debug Message!
INFO  [2021-03-31 15:33:07] com.motivity.DropWizardLogging.resources.ExampleResource: Info Message!
WARN  [2021-03-31 15:33:07] com.motivity.DropWizardLogging.resources.ExampleResource: Warn Message!
ERROR [2021-03-31 15:33:07] com.motivity.DropWizardLogging.resources.ExampleResource: Error Message!
